<?xml version="1.0" encoding="utf-8"?>
<?AutomationStudio Version="4.5.2.102"?>
<Objects>
  <Object
    Path="C:\Users\admin\Documents\KRBO-02-20\baryshev\laba1\Logical\Package.pkg"
    LogicalPath=""
    Type="Package.ParentUnknown"
    LastWriteTime="133408137441849206" />
  <Object
    Path="C:\Users\admin\Documents\KRBO-02-20\baryshev\laba1\Logical\Global.typ"
    LogicalPath="Global.typ"
    Type="File"
    LastWriteTime="133386483837985216"
    Private="false" />
  <Object
    Path="C:\Users\admin\Documents\KRBO-02-20\baryshev\laba1\Logical\Global.var"
    LogicalPath="Global.var"
    Type="File"
    LastWriteTime="133386483838141427"
    Private="false" />
  <Object
    Path="C:\Users\admin\Documents\KRBO-02-20\baryshev\laba1\Logical\Libraries\Package.pkg"
    LogicalPath="Libraries"
    Type="Package"
    LastWriteTime="133398608208318174" />
  <Object
    Path="C:\Users\admin\Documents\KRBO-02-20\baryshev\laba1\Logical\Libraries\operator\binary.lby"
    LogicalPath="Libraries.operator"
    Type="Library"
    LastWriteTime="133386483844702726" />
  <Object
    Path="C:\Users\admin\Documents\KRBO-02-20\baryshev\laba1\Logical\Libraries\operator\operator.fun"
    LogicalPath="Libraries.operator.operator.fun"
    Type="File"
    LastWriteTime="133386483844702726"
    Private="false" />
  <Object
    Path="C:\Users\admin\Documents\KRBO-02-20\baryshev\laba1\Logical\Libraries\operator\operator.typ"
    LogicalPath="Libraries.operator.operator.typ"
    Type="File"
    LastWriteTime="133386483844702726"
    Private="false" />
  <Object
    Path="C:\Users\admin\Documents\KRBO-02-20\baryshev\laba1\Logical\Libraries\operator\operator.var"
    LogicalPath="Libraries.operator.operator.var"
    Type="File"
    LastWriteTime="133386483844702726"
    Private="false" />
  <Object
    Path="C:\Users\admin\Documents\KRBO-02-20\baryshev\laba1\Logical\Libraries\runtime\binary.lby"
    LogicalPath="Libraries.runtime"
    Type="Library"
    LastWriteTime="133386483848607728" />
  <Object
    Path="C:\Users\admin\Documents\KRBO-02-20\baryshev\laba1\Logical\Libraries\runtime\runtime.fun"
    LogicalPath="Libraries.runtime.runtime.fun"
    Type="File"
    LastWriteTime="133386483848451514"
    Private="false" />
  <Object
    Path="C:\Users\admin\Documents\KRBO-02-20\baryshev\laba1\Logical\Libraries\runtime\runtime.typ"
    LogicalPath="Libraries.runtime.runtime.typ"
    Type="File"
    LastWriteTime="133386483848607728"
    Private="false" />
  <Object
    Path="C:\Users\admin\Documents\KRBO-02-20\baryshev\laba1\Logical\Libraries\runtime\runtime.var"
    LogicalPath="Libraries.runtime.runtime.var"
    Type="File"
    LastWriteTime="133386483848607728"
    Private="false" />
  <Object
    Path="C:\Users\admin\Documents\KRBO-02-20\baryshev\laba1\Logical\Libraries\astime\binary.lby"
    LogicalPath="Libraries.astime"
    Type="Library"
    LastWriteTime="133386483851732005" />
  <Object
    Path="C:\Users\admin\Documents\KRBO-02-20\baryshev\laba1\Logical\Libraries\astime\astime.fun"
    LogicalPath="Libraries.astime.astime.fun"
    Type="File"
    LastWriteTime="133386483851575784"
    Private="false" />
  <Object
    Path="C:\Users\admin\Documents\KRBO-02-20\baryshev\laba1\Logical\Libraries\astime\astime.typ"
    LogicalPath="Libraries.astime.astime.typ"
    Type="File"
    LastWriteTime="133386483851732005"
    Private="false" />
  <Object
    Path="C:\Users\admin\Documents\KRBO-02-20\baryshev\laba1\Logical\Libraries\astime\astime.var"
    LogicalPath="Libraries.astime.astime.var"
    Type="File"
    LastWriteTime="133386483851732005"
    Private="false" />
  <Object
    Path="C:\Users\admin\Documents\KRBO-02-20\baryshev\laba1\Logical\Libraries\AsIecCon\binary.lby"
    LogicalPath="Libraries.AsIecCon"
    Type="Library"
    LastWriteTime="133386483854700060" />
  <Object
    Path="C:\Users\admin\Documents\KRBO-02-20\baryshev\laba1\Logical\Libraries\AsIecCon\AsIecCon.fun"
    LogicalPath="Libraries.AsIecCon.AsIecCon.fun"
    Type="File"
    LastWriteTime="133386483854700060"
    Private="false" />
  <Object
    Path="C:\Users\admin\Documents\KRBO-02-20\baryshev\laba1\Logical\Libraries\AsIecCon\AsIecCon.typ"
    LogicalPath="Libraries.AsIecCon.AsIecCon.typ"
    Type="File"
    LastWriteTime="133386483854700060"
    Private="false" />
  <Object
    Path="C:\Users\admin\Documents\KRBO-02-20\baryshev\laba1\Logical\Libraries\AsIecCon\AsIecCon.var"
    LogicalPath="Libraries.AsIecCon.AsIecCon.var"
    Type="File"
    LastWriteTime="133386483854700060"
    Private="false" />
  <Object
    Path="C:\Users\admin\Documents\KRBO-02-20\baryshev\laba1\Logical\Libraries\Library\ANSIC.lby"
    LogicalPath="Libraries.Library"
    Type="Library"
    LastWriteTime="133398608208029175" />
  <Object
    Path="C:\Users\admin\Documents\KRBO-02-20\baryshev\laba1\Logical\Libraries\Library\Types.typ"
    LogicalPath="Libraries.Library.Types.typ"
    Type="File"
    LastWriteTime="133398608207859410"
    Private="false" />
  <Object
    Path="C:\Users\admin\Documents\KRBO-02-20\baryshev\laba1\Logical\Libraries\Library\Constants.var"
    LogicalPath="Libraries.Library.Constants.var"
    Type="File"
    LastWriteTime="133398608207889455"
    Private="false" />
  <Object
    Path="C:\Users\admin\Documents\KRBO-02-20\baryshev\laba1\Logical\Libraries\Library\Library.fun"
    LogicalPath="Libraries.Library.Library.fun"
    Type="File"
    LastWriteTime="133410670661489066"
    Private="false" />
  <Object
    Path="C:\Users\admin\Documents\KRBO-02-20\baryshev\laba1\Logical\Libraries\Library\FB_Integrator.c"
    LogicalPath="Libraries.Library.FB_Integrator.c"
    Type="File"
    LastWriteTime="133398608207959144"
    Private="false" />
  <Object
    Path="C:\Users\admin\Documents\KRBO-02-20\baryshev\laba1\Logical\Libraries\Library\FB_Motor.c"
    LogicalPath="Libraries.Library.FB_Motor.c"
    Type="File"
    LastWriteTime="133408159158638554"
    Private="false" />
  <Object
    Path="C:\Users\admin\Documents\KRBO-02-20\baryshev\laba1\Logical\Libraries\Library\FB_Regulator.c"
    LogicalPath="Libraries.Library.FB_Regulator.c"
    Type="File"
    LastWriteTime="133410670661279751"
    Private="false" />
  <Object
    Path="C:\Users\admin\Documents\KRBO-02-20\baryshev\laba1\Logical\Program\ANSIC.prg"
    LogicalPath="Program"
    Type="Program"
    LastWriteTime="133408137441829263" />
  <Object
    Path="C:\Users\admin\Documents\KRBO-02-20\baryshev\laba1\Logical\Program\Cyclic.c"
    LogicalPath="Program.Cyclic.c"
    Type="File"
    LastWriteTime="133408157106278452"
    Private="false" />
  <Object
    Path="C:\Users\admin\Documents\KRBO-02-20\baryshev\laba1\Logical\Program\Init.c"
    LogicalPath="Program.Init.c"
    Type="File"
    LastWriteTime="133416787652277586"
    Private="false" />
  <Object
    Path="C:\Users\admin\Documents\KRBO-02-20\baryshev\laba1\Logical\Program\Exit.c"
    LogicalPath="Program.Exit.c"
    Type="File"
    LastWriteTime="133408137441779392"
    Private="false" />
  <Object
    Path="C:\Users\admin\Documents\KRBO-02-20\baryshev\laba1\Logical\Program\Types.typ"
    LogicalPath="Program.Types.typ"
    Type="File"
    LastWriteTime="133408143486921141"
    Private="true" />
  <Object
    Path="C:\Users\admin\Documents\KRBO-02-20\baryshev\laba1\Logical\Program\Variables.var"
    LogicalPath="Program.Variables.var"
    Type="File"
    LastWriteTime="133408143433482610"
    Private="true" />
  <Object
    Path="C:\Users\admin\Documents\KRBO-02-20\baryshev\laba1\Physical\laba1\Config.pkg"
    LogicalPath="laba1"
    Type="Configuration.ParentUnknown"
    LastWriteTime="133386483890629485" />
  <Object
    Path="C:\Users\admin\Documents\KRBO-02-20\baryshev\laba1\Physical\laba1\Hardware.hw"
    LogicalPath="laba1.Hardware.hw"
    Type="File"
    LastWriteTime="133414007957117439"
    Private="false" />
  <Object
    Path="C:\Users\admin\Documents\KRBO-02-20\baryshev\laba1\Physical\laba1\Hardware.hwl"
    LogicalPath="laba1.Hardware.hwl"
    Type="File"
    LastWriteTime="133396087853724716"
    Private="false" />
  <Object
    Path="C:\Users\admin\Documents\KRBO-02-20\baryshev\laba1\Physical\laba1\4PP065_0571_P74\Cpu.pkg"
    LogicalPath="laba1.4PP065_0571_P74"
    Type="Cpu"
    LastWriteTime="133386483858605407" />
  <Object
    Path="C:\Users\admin\Documents\KRBO-02-20\baryshev\laba1\Physical\laba1\4PP065_0571_P74\Cpu.sw"
    LogicalPath="laba1.4PP065_0571_P74.Cpu.sw"
    Type="File"
    LastWriteTime="133408137458793884"
    Private="false" />
  <Object
    Path="C:\Users\admin\Documents\KRBO-02-20\baryshev\laba1\Physical\laba1\4PP065_0571_P74\Cpu.per"
    LogicalPath="laba1.4PP065_0571_P74.Cpu.per"
    Type="File"
    LastWriteTime="133386483857199469"
    Private="false" />
  <Object
    Path="C:\Users\admin\Documents\KRBO-02-20\baryshev\laba1\Physical\laba1\4PP065_0571_P74\IoMap.iom"
    LogicalPath="laba1.4PP065_0571_P74.IoMap.iom"
    Type="File"
    LastWriteTime="133386483857199469"
    Private="false" />
  <Object
    Path="C:\Users\admin\Documents\KRBO-02-20\baryshev\laba1\Physical\laba1\4PP065_0571_P74\PvMap.vvm"
    LogicalPath="laba1.4PP065_0571_P74.PvMap.vvm"
    Type="File"
    LastWriteTime="133386483857199469"
    Private="false" />
  <Object
    Path="C:\Users\admin\Documents\KRBO-02-20\baryshev\laba1\Physical\laba1\4PP065_0571_P74\Connectivity\Package.pkg"
    LogicalPath="laba1.4PP065_0571_P74.Connectivity"
    Type="Package"
    LastWriteTime="133386483857512216" />
  <Object
    Path="C:\Users\admin\Documents\KRBO-02-20\baryshev\laba1\Physical\laba1\4PP065_0571_P74\Connectivity\OpcUA\Package.pkg"
    LogicalPath="laba1.4PP065_0571_P74.Connectivity.OpcUA"
    Type="Package"
    LastWriteTime="133386483857512216" />
  <Object
    Path="C:\Users\admin\Documents\KRBO-02-20\baryshev\laba1\Physical\laba1\4PP065_0571_P74\TextSystem\Package.pkg"
    LogicalPath="laba1.4PP065_0571_P74.TextSystem"
    Type="Package"
    LastWriteTime="133386483857512216" />
  <Object
    Path="C:\Users\admin\Documents\KRBO-02-20\baryshev\laba1\Physical\laba1\4PP065_0571_P74\UnitSystem\Package.pkg"
    LogicalPath="laba1.4PP065_0571_P74.UnitSystem"
    Type="Package"
    LastWriteTime="133386483857668116" />
  <Object
    Path="C:\Users\admin\Documents\KRBO-02-20\baryshev\laba1\Physical\laba1\4PP065_0571_P74\AccessAndSecurity\Package.pkg"
    LogicalPath="laba1.4PP065_0571_P74.AccessAndSecurity"
    Type="Package"
    LastWriteTime="133386483858292970" />
  <Object
    Path="C:\Users\admin\Documents\KRBO-02-20\baryshev\laba1\Physical\laba1\4PP065_0571_P74\AccessAndSecurity\UserRoleSystem\Package.pkg"
    LogicalPath="laba1.4PP065_0571_P74.AccessAndSecurity.UserRoleSystem"
    Type="Package"
    LastWriteTime="133386483857824325" />
  <Object
    Path="C:\Users\admin\Documents\KRBO-02-20\baryshev\laba1\Physical\laba1\4PP065_0571_P74\AccessAndSecurity\UserRoleSystem\Role.role"
    LogicalPath="laba1.4PP065_0571_P74.AccessAndSecurity.UserRoleSystem.Role.role"
    Type="File"
    LastWriteTime="133386483857824325"
    Private="false" />
  <Object
    Path="C:\Users\admin\Documents\KRBO-02-20\baryshev\laba1\Physical\laba1\4PP065_0571_P74\AccessAndSecurity\UserRoleSystem\User.user"
    LogicalPath="laba1.4PP065_0571_P74.AccessAndSecurity.UserRoleSystem.User.user"
    Type="File"
    LastWriteTime="133386483857824325"
    Private="false" />
  <Object
    Path="C:\Users\admin\Documents\KRBO-02-20\baryshev\laba1\Physical\laba1\4PP065_0571_P74\AccessAndSecurity\CertificateStore\Package.pkg"
    LogicalPath="laba1.4PP065_0571_P74.AccessAndSecurity.CertificateStore"
    Type="Package"
    LastWriteTime="133386483858292970" />
  <Object
    Path="C:\Users\admin\Documents\KRBO-02-20\baryshev\laba1\Physical\laba1\4PP065_0571_P74\AccessAndSecurity\CertificateStore\OwnCertificates\Package.pkg"
    LogicalPath="laba1.4PP065_0571_P74.AccessAndSecurity.CertificateStore.OwnCertificates"
    Type="Package"
    LastWriteTime="133386483857980541" />
  <Object
    Path="C:\Users\admin\Documents\KRBO-02-20\baryshev\laba1\Physical\laba1\4PP065_0571_P74\AccessAndSecurity\CertificateStore\OwnCertificates\Certificates\Package.pkg"
    LogicalPath="laba1.4PP065_0571_P74.AccessAndSecurity.CertificateStore.OwnCertificates.Certificates"
    Type="Package"
    LastWriteTime="133386483857980541" />
  <Object
    Path="C:\Users\admin\Documents\KRBO-02-20\baryshev\laba1\Physical\laba1\4PP065_0571_P74\AccessAndSecurity\CertificateStore\OwnCertificates\PrivateKeys\Package.pkg"
    LogicalPath="laba1.4PP065_0571_P74.AccessAndSecurity.CertificateStore.OwnCertificates.PrivateKeys"
    Type="Package"
    LastWriteTime="133386483857980541" />
  <Object
    Path="C:\Users\admin\Documents\KRBO-02-20\baryshev\laba1\Physical\laba1\4PP065_0571_P74\AccessAndSecurity\CertificateStore\ThirdPartyCertificates\Package.pkg"
    LogicalPath="laba1.4PP065_0571_P74.AccessAndSecurity.CertificateStore.ThirdPartyCertificates"
    Type="Package"
    LastWriteTime="133386483858136758" />
  <Object
    Path="C:\Users\admin\Documents\KRBO-02-20\baryshev\laba1\Physical\laba1\4PP065_0571_P74\AccessAndSecurity\CertificateStore\ThirdPartyCertificates\SoftwareCertificates\Package.pkg"
    LogicalPath="laba1.4PP065_0571_P74.AccessAndSecurity.CertificateStore.ThirdPartyCertificates.SoftwareCertificates"
    Type="Package"
    LastWriteTime="133386483858136758" />
  <Object
    Path="C:\Users\admin\Documents\KRBO-02-20\baryshev\laba1\Physical\laba1\4PP065_0571_P74\AccessAndSecurity\CertificateStore\CertificateRevocationLists\Package.pkg"
    LogicalPath="laba1.4PP065_0571_P74.AccessAndSecurity.CertificateStore.CertificateRevocationLists"
    Type="Package"
    LastWriteTime="133386483858136758" />
  <Object
    Path="C:\Users\admin\Documents\KRBO-02-20\baryshev\laba1\Physical\laba1\4PP065_0571_P74\AccessAndSecurity\CertificateStore\CertificateSigningRequests\Package.pkg"
    LogicalPath="laba1.4PP065_0571_P74.AccessAndSecurity.CertificateStore.CertificateSigningRequests"
    Type="Package"
    LastWriteTime="133386483858292970" />
  <Object
    Path="C:\Users\admin\Documents\KRBO-02-20\baryshev\laba1\Physical\laba1\4PP065_0571_P74\AccessAndSecurity\TransportLayerSecurity\Package.pkg"
    LogicalPath="laba1.4PP065_0571_P74.AccessAndSecurity.TransportLayerSecurity"
    Type="Package"
    LastWriteTime="133386483858292970" />
  <Object
    Path="C:\Users\admin\Documents\KRBO-02-20\baryshev\laba1\Physical\laba1\4PP065_0571_P74\mappControl\Package.pkg"
    LogicalPath="laba1.4PP065_0571_P74.mappControl"
    Type="Package"
    LastWriteTime="133386483858292970" />
  <Object
    Path="C:\Users\admin\Documents\KRBO-02-20\baryshev\laba1\Physical\laba1\4PP065_0571_P74\mappMotion\Package.pkg"
    LogicalPath="laba1.4PP065_0571_P74.mappMotion"
    Type="Package"
    LastWriteTime="133386483858449181" />
  <Object
    Path="C:\Users\admin\Documents\KRBO-02-20\baryshev\laba1\Physical\laba1\4PP065_0571_P74\mappServices\Package.pkg"
    LogicalPath="laba1.4PP065_0571_P74.mappServices"
    Type="Package"
    LastWriteTime="133386483858449181" />
  <Object
    Path="C:\Users\admin\Documents\KRBO-02-20\baryshev\laba1\Physical\laba1\4PP065_0571_P74\mappView\Package.pkg"
    LogicalPath="laba1.4PP065_0571_P74.mappView"
    Type="Package"
    LastWriteTime="133386483858605407" />
  <Object
    Path="C:\Users\admin\Documents\KRBO-02-20\baryshev\laba1\Physical\laba1\4PP065_0571_P74\mappCockpit\Package.pkg"
    LogicalPath="laba1.4PP065_0571_P74.mappCockpit"
    Type="Package"
    LastWriteTime="133386483858605407" />
  <Object
    Path="C:\Users\admin\Documents\KRBO-02-20\baryshev\laba1\Physical\laba1\Hardware.jpg"
    LogicalPath="laba1.Hardware.jpg"
    Type="File"
    LastWriteTime="133416787662734737"
    Private="false" />
</Objects>